[4078:4114][2022-10-31T02:07:30]i001: Burn v3.11.2.4516, Windows v10.0 (Build 19042: Service Pack 0), path: C:\ProgramData\Package Cache\{6ea28c67-1f07-492c-9b16-4df7c98569b9}\OasisSetup_4.1.8442_BETA.exe
[4078:4114][2022-10-31T02:07:30]i009: Command Line: '"-burn.clean.room=C:\ProgramData\Package Cache\{6ea28c67-1f07-492c-9b16-4df7c98569b9}\OasisSetup_4.1.8442_BETA.exe" -burn.filehandle.attached=536 -burn.filehandle.self=552 /uninstall /quiet'
[4078:4114][2022-10-31T02:07:30]i000: Setting string variable 'WixBundleLog' to value 'C:\Users\xujack\AppData\Local\Temp\Teradyne_IG-XL_Oasis_Toolset_20221031020730.log'
[4078:4114][2022-10-31T02:07:30]i000: Setting string variable 'WixBundleManufacturer' to value 'Teradyne'
[4078:3A30][2022-10-31T02:07:30]i000: Setting numeric variable 'WixStdBALanguageId' to value 1033
[4078:3A30][2022-10-31T02:07:30]i000: Setting version variable 'WixBundleFileVersion' to value '4.1.8442.0'
[4078:4114][2022-10-31T02:07:30]i100: Detect begin, 3 packages
[4078:4114][2022-10-31T02:07:30]i000: Setting string variable 'NETFRAMEWORK45' to value '528372'
[4078:4114][2022-10-31T02:07:30]i102: Detected related bundle: {c6227845-13d6-4987-9d47-c3c8f384a149}, type: Upgrade, scope: PerMachine, version: 4.1.8262.0, operation: None
[4078:4114][2022-10-31T02:07:30]i052: Condition 'NETFRAMEWORK45 >= 528033' evaluates to true.
[4078:4114][2022-10-31T02:07:30]i101: Detected package: Netfx48Exe, state: Present, cached: None
[4078:4114][2022-10-31T02:07:30]i101: Detected package: WIXHelpManager.msi, state: Present, cached: Complete
[4078:4114][2022-10-31T02:07:30]i101: Detected package: OasisSetup.msi, state: Absent, cached: Complete
[4078:4114][2022-10-31T02:07:30]i052: Condition 'VersionNT=VersionNT64' evaluates to true.
[4078:4114][2022-10-31T02:07:30]i199: Detect complete, result: 0x0
[4078:4114][2022-10-31T02:07:30]i200: Plan begin, 3 packages, action: Uninstall
[4078:4114][2022-10-31T02:07:30]w209: Plan skipped removal of provider key: {6ea28c67-1f07-492c-9b16-4df7c98569b9} because it is registered to a different bundle: (null)
[4078:4114][2022-10-31T02:07:30]w327: Will not uninstall package: WIXHelpManager.msi, found dependents: 1
[4078:4114][2022-10-31T02:07:30]w328: Found dependent: {c6227845-13d6-4987-9d47-c3c8f384a149}, name: Unknown
[4078:4114][2022-10-31T02:07:30]w321: Skipping dependency registration on package with no dependency providers: Netfx48Exe
[4078:4114][2022-10-31T02:07:30]i207: Planned related bundle: {c6227845-13d6-4987-9d47-c3c8f384a149}, type: Upgrade, default requested: None, ba requested: None, execute: None, rollback: None, dependency: None
[4078:4114][2022-10-31T02:07:30]i201: Planned package: OasisSetup.msi, state: Absent, default requested: Absent, ba requested: Absent, execute: None, rollback: None, cache: No, uncache: Yes, dependency: Unregister
[4078:4114][2022-10-31T02:07:30]i201: Planned package: WIXHelpManager.msi, state: Present, default requested: Absent, ba requested: Absent, execute: None, rollback: None, cache: No, uncache: No, dependency: Unregister
[4078:4114][2022-10-31T02:07:30]i201: Planned package: Netfx48Exe, state: Present, default requested: None, ba requested: None, execute: None, rollback: None, cache: No, uncache: No, dependency: None
[4078:4114][2022-10-31T02:07:30]i299: Plan complete, result: 0x0
[4078:4114][2022-10-31T02:07:30]i300: Apply begin
[4078:4114][2022-10-31T02:07:30]i010: Launching elevated engine process.
[4078:4114][2022-10-31T02:07:30]i011: Launched elevated engine process.
[4078:4114][2022-10-31T02:07:31]i012: Connected to elevated engine.
[336C:0810][2022-10-31T02:07:31]i358: Pausing automatic updates.
[336C:0810][2022-10-31T02:07:31]i359: Paused automatic updates.
[336C:0810][2022-10-31T02:07:31]i360: Creating a system restore point.
[336C:0810][2022-10-31T02:07:31]i361: Created a system restore point.
[336C:0810][2022-10-31T02:07:31]i370: Session begin, registration key: SOFTWARE\Microsoft\Windows\CurrentVersion\Uninstall\{6ea28c67-1f07-492c-9b16-4df7c98569b9}, options: 0x0, disable resume: No
[336C:0810][2022-10-31T02:07:31]i371: Updating session, registration key: SOFTWARE\Microsoft\Windows\CurrentVersion\Uninstall\{6ea28c67-1f07-492c-9b16-4df7c98569b9}, resume: Active, restart initiated: No, disable resume: No
[336C:0810][2022-10-31T02:07:31]i329: Removed package dependency provider: {28C39E9E-3C2E-45A4-B938-8BB2802BBB19}, package: OasisSetup.msi
[336C:0810][2022-10-31T02:07:31]i326: Removed dependency: {6ea28c67-1f07-492c-9b16-4df7c98569b9} on package provider: {1C61D060-23B6-4D5F-AA6E-372843E949C0}, package WIXHelpManager.msi
[336C:0810][2022-10-31T02:07:31]i351: Removing cached package: OasisSetup.msi, from path: C:\ProgramData\Package Cache\{28C39E9E-3C2E-45A4-B938-8BB2802BBB19}v4.1.8442\
[336C:0810][2022-10-31T02:07:31]i372: Session end, registration key: SOFTWARE\Microsoft\Windows\CurrentVersion\Uninstall\{6ea28c67-1f07-492c-9b16-4df7c98569b9}, resume: None, restart: None, disable resume: No
[336C:0810][2022-10-31T02:07:31]i352: Removing cached bundle: {6ea28c67-1f07-492c-9b16-4df7c98569b9}, from path: C:\ProgramData\Package Cache\{6ea28c67-1f07-492c-9b16-4df7c98569b9}\
[336C:0810][2022-10-31T02:07:31]i371: Updating session, registration key: SOFTWARE\Microsoft\Windows\CurrentVersion\Uninstall\{6ea28c67-1f07-492c-9b16-4df7c98569b9}, resume: None, restart initiated: No, disable resume: No
[4078:4114][2022-10-31T02:07:31]i399: Apply complete, result: 0x0, restart: None, ba requested restart:  No
[4078:4114][2022-10-31T02:07:31]i500: Shutting down, exit code: 0x0
[4078:4114][2022-10-31T02:07:31]i410: Variable: NETFRAMEWORK45 = 528372
[4078:4114][2022-10-31T02:07:31]i410: Variable: VersionNT = 10.0.0.0
[4078:4114][2022-10-31T02:07:31]i410: Variable: VersionNT64 = 10.0.0.0
[4078:4114][2022-10-31T02:07:31]i410: Variable: WixBundleAction = 3
[4078:4114][2022-10-31T02:07:31]i410: Variable: WixBundleElevated = 1
[4078:4114][2022-10-31T02:07:31]i410: Variable: WixBundleFileVersion = 4.1.8442.0
[4078:4114][2022-10-31T02:07:31]i410: Variable: WixBundleInstalled = 0
[4078:4114][2022-10-31T02:07:31]i410: Variable: WixBundleLog = C:\Users\xujack\AppData\Local\Temp\Teradyne_IG-XL_Oasis_Toolset_20221031020730.log
[4078:4114][2022-10-31T02:07:31]i410: Variable: WixBundleManufacturer = Teradyne
[4078:4114][2022-10-31T02:07:31]i410: Variable: WixBundleName = Teradyne IG-XL Oasis Toolset
[4078:4114][2022-10-31T02:07:31]i410: Variable: WixBundleOriginalSource = C:\Users\xujack\Desktop\OasisSetup_4.1.8442_BETA.exe
[4078:4114][2022-10-31T02:07:31]i410: Variable: WixBundleOriginalSourceFolder = C:\Users\xujack\Desktop\
[4078:4114][2022-10-31T02:07:31]i410: Variable: WixBundleProviderKey = {6ea28c67-1f07-492c-9b16-4df7c98569b9}
[4078:4114][2022-10-31T02:07:31]i410: Variable: WixBundleSourceProcessFolder = C:\ProgramData\Package Cache\{6ea28c67-1f07-492c-9b16-4df7c98569b9}\
[4078:4114][2022-10-31T02:07:31]i410: Variable: WixBundleSourceProcessPath = C:\ProgramData\Package Cache\{6ea28c67-1f07-492c-9b16-4df7c98569b9}\OasisSetup_4.1.8442_BETA.exe
[4078:4114][2022-10-31T02:07:31]i410: Variable: WixBundleTag = 
[4078:4114][2022-10-31T02:07:31]i410: Variable: WixBundleUILevel = 2
[4078:4114][2022-10-31T02:07:31]i410: Variable: WixBundleVersion = 4.1.8442.0
[4078:4114][2022-10-31T02:07:31]i410: Variable: WixStdBALanguageId = 1033
[4078:4114][2022-10-31T02:07:31]i007: Exit code: 0x0, restarting: No
