[2468:2594][2022-10-31T02:06:31]i001: Burn v3.11.2.4516, Windows v10.0 (Build 19042: Service Pack 0), path: C:\Windows\Temp\{8F7DCF97-98AC-421A-A06F-5BBBD36B9E8F}\.cr\OasisSetup_4.1.8442_BETA.exe
[2468:2594][2022-10-31T02:06:31]i009: Command Line: '-burn.clean.room=C:\Users\xujack\Desktop\OasisSetup_4.1.8442_BETA.exe -burn.filehandle.attached=600 -burn.filehandle.self=736'
[2468:2594][2022-10-31T02:06:31]i000: Setting string variable 'WixBundleOriginalSource' to value 'C:\Users\xujack\Desktop\OasisSetup_4.1.8442_BETA.exe'
[2468:2594][2022-10-31T02:06:31]i000: Setting string variable 'WixBundleOriginalSourceFolder' to value 'C:\Users\xujack\Desktop\'
[2468:2594][2022-10-31T02:06:31]i000: Setting string variable 'WixBundleLog' to value 'C:\Users\xujack\AppData\Local\Temp\Teradyne_IG-XL_Oasis_Toolset_20221031020631.log'
[2468:2594][2022-10-31T02:06:31]i000: Setting string variable 'WixBundleName' to value 'Teradyne IG-XL Oasis Toolset'
[2468:2594][2022-10-31T02:06:31]i000: Setting string variable 'WixBundleManufacturer' to value 'Teradyne'
[2468:1C4C][2022-10-31T02:06:31]i000: Setting numeric variable 'WixStdBALanguageId' to value 1033
[2468:1C4C][2022-10-31T02:06:31]i000: Setting version variable 'WixBundleFileVersion' to value '4.1.8442.0'
[2468:2594][2022-10-31T02:06:31]i100: Detect begin, 3 packages
[2468:2594][2022-10-31T02:06:31]i000: Setting string variable 'NETFRAMEWORK45' to value '528372'
[2468:2594][2022-10-31T02:06:31]i102: Detected related bundle: {c6227845-13d6-4987-9d47-c3c8f384a149}, type: Upgrade, scope: PerMachine, version: 4.1.8262.0, operation: MajorUpgrade
[2468:2594][2022-10-31T02:06:31]i052: Condition 'NETFRAMEWORK45 >= 528033' evaluates to true.
[2468:2594][2022-10-31T02:06:31]i103: Detected related package: {FF2CEA71-EDEA-40FB-A961-A644C0388B68}, scope: PerMachine, version: 4.1.8262.0, language: 0 operation: MajorUpgrade
[2468:2594][2022-10-31T02:06:31]i101: Detected package: Netfx48Exe, state: Present, cached: None
[2468:2594][2022-10-31T02:06:31]i101: Detected package: WIXHelpManager.msi, state: Present, cached: Complete
[2468:2594][2022-10-31T02:06:31]i101: Detected package: OasisSetup.msi, state: Absent, cached: None
[2468:2594][2022-10-31T02:06:31]i052: Condition 'VersionNT=VersionNT64' evaluates to true.
[2468:2594][2022-10-31T02:06:31]i199: Detect complete, result: 0x0
[2468:1C4C][2022-10-31T02:06:33]i000: Setting numeric variable 'EulaAcceptCheckbox' to value 1
[2468:2594][2022-10-31T02:06:33]i200: Plan begin, 3 packages, action: Install
[2468:2594][2022-10-31T02:06:33]w321: Skipping dependency registration on package with no dependency providers: Netfx48Exe
[2468:2594][2022-10-31T02:06:33]i000: Setting string variable 'WixBundleRollbackLog_OasisSetup.msi' to value 'C:\Users\xujack\AppData\Local\Temp\Teradyne_IG-XL_Oasis_Toolset_20221031020631_000_OasisSetup.msi_rollback.log'
[2468:2594][2022-10-31T02:06:33]i000: Setting string variable 'WixBundleLog_OasisSetup.msi' to value 'C:\Users\xujack\AppData\Local\Temp\Teradyne_IG-XL_Oasis_Toolset_20221031020631_000_OasisSetup.msi.log'
[2468:2594][2022-10-31T02:06:33]i201: Planned package: Netfx48Exe, state: Present, default requested: Present, ba requested: Present, execute: None, rollback: None, cache: No, uncache: No, dependency: None
[2468:2594][2022-10-31T02:06:33]i201: Planned package: WIXHelpManager.msi, state: Present, default requested: Present, ba requested: Present, execute: None, rollback: None, cache: No, uncache: No, dependency: Register
[2468:2594][2022-10-31T02:06:33]i201: Planned package: OasisSetup.msi, state: Absent, default requested: Present, ba requested: Present, execute: Install, rollback: Uninstall, cache: Yes, uncache: No, dependency: Register
[2468:2594][2022-10-31T02:06:33]i207: Planned related bundle: {c6227845-13d6-4987-9d47-c3c8f384a149}, type: Upgrade, default requested: Absent, ba requested: Absent, execute: Uninstall, rollback: Install, dependency: None
[2468:2594][2022-10-31T02:06:33]i299: Plan complete, result: 0x0
[2468:2594][2022-10-31T02:06:33]i300: Apply begin
[2468:2594][2022-10-31T02:06:33]i010: Launching elevated engine process.
[2468:2594][2022-10-31T02:06:33]i011: Launched elevated engine process.
[2468:2594][2022-10-31T02:06:34]i012: Connected to elevated engine.
[41B0:123C][2022-10-31T02:06:34]i358: Pausing automatic updates.
[41B0:123C][2022-10-31T02:06:34]i359: Paused automatic updates.
[41B0:123C][2022-10-31T02:06:34]i360: Creating a system restore point.
[41B0:123C][2022-10-31T02:06:34]i361: Created a system restore point.
[41B0:123C][2022-10-31T02:06:34]i370: Session begin, registration key: SOFTWARE\Microsoft\Windows\CurrentVersion\Uninstall\{6ea28c67-1f07-492c-9b16-4df7c98569b9}, options: 0x7, disable resume: No
[41B0:123C][2022-10-31T02:06:34]i000: Caching bundle from: 'C:\Windows\Temp\{DE0EF63F-29B0-49AB-94DE-BA47F76CCC71}\.be\OasisSetup_4.1.8442_BETA.exe' to: 'C:\ProgramData\Package Cache\{6ea28c67-1f07-492c-9b16-4df7c98569b9}\OasisSetup_4.1.8442_BETA.exe'
[41B0:123C][2022-10-31T02:06:34]i320: Registering bundle dependency provider: {6ea28c67-1f07-492c-9b16-4df7c98569b9}, version: 4.1.8442.0
[41B0:123C][2022-10-31T02:06:34]i371: Updating session, registration key: SOFTWARE\Microsoft\Windows\CurrentVersion\Uninstall\{6ea28c67-1f07-492c-9b16-4df7c98569b9}, resume: Active, restart initiated: No, disable resume: No
[41B0:0A4C][2022-10-31T02:06:35]i305: Verified acquired payload: OasisSetup.msi at path: C:\ProgramData\Package Cache\.unverified\OasisSetup.msi, moving to: C:\ProgramData\Package Cache\{28C39E9E-3C2E-45A4-B938-8BB2802BBB19}v4.1.8442\OasisSetup.msi.
[41B0:123C][2022-10-31T02:06:35]i323: Registering package dependency provider: {1C61D060-23B6-4D5F-AA6E-372843E949C0}, version: 6.0.0.0, package: WIXHelpManager.msi
[41B0:123C][2022-10-31T02:06:35]i325: Registering dependency: {6ea28c67-1f07-492c-9b16-4df7c98569b9} on package provider: {1C61D060-23B6-4D5F-AA6E-372843E949C0}, package: WIXHelpManager.msi
[41B0:123C][2022-10-31T02:06:35]i323: Registering package dependency provider: {28C39E9E-3C2E-45A4-B938-8BB2802BBB19}, version: 4.1.8442, package: OasisSetup.msi
[41B0:123C][2022-10-31T02:06:35]i301: Applying execute package: OasisSetup.msi, action: Install, path: C:\ProgramData\Package Cache\{28C39E9E-3C2E-45A4-B938-8BB2802BBB19}v4.1.8442\OasisSetup.msi, arguments: ' ARPSYSTEMCOMPONENT="1" MSIFASTINSTALL="7"'
[41B0:123C][2022-10-31T02:08:34]e000: Error 0x80070643: Failed to install MSI package.
[41B0:123C][2022-10-31T02:08:34]e000: Error 0x80070643: Failed to execute MSI package.
[2468:2594][2022-10-31T02:08:34]e000: Error 0x80070643: Failed to configure per-machine MSI package.
[2468:2594][2022-10-31T02:08:34]w348: Application requested retry of package: OasisSetup.msi, encountered error: 0x80070643. Retrying...
[41B0:123C][2022-10-31T02:08:37]i301: Applying execute package: OasisSetup.msi, action: Install, path: C:\ProgramData\Package Cache\{28C39E9E-3C2E-45A4-B938-8BB2802BBB19}v4.1.8442\OasisSetup.msi, arguments: ' ARPSYSTEMCOMPONENT="1" MSIFASTINSTALL="7"'
[41B0:123C][2022-10-31T02:08:37]e000: Error 0x80070003: Failed to install MSI package.
[41B0:123C][2022-10-31T02:08:37]e000: Error 0x80070003: Failed to execute MSI package.
[2468:2594][2022-10-31T02:08:37]e000: Error 0x80070003: Failed to configure per-machine MSI package.
[2468:2594][2022-10-31T02:08:37]i319: Applied execute package: OasisSetup.msi, result: 0x80070003, restart: None
[2468:2594][2022-10-31T02:08:37]e000: Error 0x80070003: Failed to execute MSI package.
[41B0:123C][2022-10-31T02:08:37]i318: Skipped rollback of package: OasisSetup.msi, action: Uninstall, already: Absent
[2468:2594][2022-10-31T02:08:37]i319: Applied rollback package: OasisSetup.msi, result: 0x0, restart: None
[41B0:123C][2022-10-31T02:08:37]i329: Removed package dependency provider: {28C39E9E-3C2E-45A4-B938-8BB2802BBB19}, package: OasisSetup.msi
[41B0:123C][2022-10-31T02:08:37]i351: Removing cached package: OasisSetup.msi, from path: C:\ProgramData\Package Cache\{28C39E9E-3C2E-45A4-B938-8BB2802BBB19}v4.1.8442\
[41B0:123C][2022-10-31T02:08:37]w353: Unable to remove cached package: OasisSetup.msi, from path: C:\ProgramData\Package Cache\{28C39E9E-3C2E-45A4-B938-8BB2802BBB19}v4.1.8442\, reason: 0x80070003. Continuing...
[41B0:123C][2022-10-31T02:08:37]i326: Removed dependency: {6ea28c67-1f07-492c-9b16-4df7c98569b9} on package provider: {1C61D060-23B6-4D5F-AA6E-372843E949C0}, package WIXHelpManager.msi
[41B0:123C][2022-10-31T02:08:37]i329: Removed package dependency provider: {1C61D060-23B6-4D5F-AA6E-372843E949C0}, package: WIXHelpManager.msi
[41B0:123C][2022-10-31T02:08:37]i372: Session end, registration key: SOFTWARE\Microsoft\Windows\CurrentVersion\Uninstall\{6ea28c67-1f07-492c-9b16-4df7c98569b9}, resume: None, restart: None, disable resume: No
[41B0:123C][2022-10-31T02:08:37]i330: Removed bundle dependency provider: {6ea28c67-1f07-492c-9b16-4df7c98569b9}
[41B0:123C][2022-10-31T02:08:37]i352: Removing cached bundle: {6ea28c67-1f07-492c-9b16-4df7c98569b9}, from path: C:\ProgramData\Package Cache\{6ea28c67-1f07-492c-9b16-4df7c98569b9}\
[41B0:123C][2022-10-31T02:08:37]w354: Unable to remove cached bundle: {6ea28c67-1f07-492c-9b16-4df7c98569b9}, from path: C:\ProgramData\Package Cache\{6ea28c67-1f07-492c-9b16-4df7c98569b9}\, reason: 0x80070003. Continuing...
[41B0:123C][2022-10-31T02:08:37]i371: Updating session, registration key: SOFTWARE\Microsoft\Windows\CurrentVersion\Uninstall\{6ea28c67-1f07-492c-9b16-4df7c98569b9}, resume: None, restart initiated: No, disable resume: No
[2468:2594][2022-10-31T02:08:37]i399: Apply complete, result: 0x80070003, restart: None, ba requested restart:  No
[2468:2594][2022-10-31T02:08:46]i500: Shutting down, exit code: 0x3
[2468:2594][2022-10-31T02:08:46]i410: Variable: EulaAcceptCheckbox = 1
[2468:2594][2022-10-31T02:08:46]i410: Variable: NETFRAMEWORK45 = 528372
[2468:2594][2022-10-31T02:08:46]i410: Variable: VersionNT = 10.0.0.0
[2468:2594][2022-10-31T02:08:46]i410: Variable: VersionNT64 = 10.0.0.0
[2468:2594][2022-10-31T02:08:46]i410: Variable: WixBundleAction = 5
[2468:2594][2022-10-31T02:08:46]i410: Variable: WixBundleElevated = 1
[2468:2594][2022-10-31T02:08:46]i410: Variable: WixBundleFileVersion = 4.1.8442.0
[2468:2594][2022-10-31T02:08:46]i410: Variable: WixBundleInstalled = 0
[2468:2594][2022-10-31T02:08:46]i410: Variable: WixBundleLog = C:\Users\xujack\AppData\Local\Temp\Teradyne_IG-XL_Oasis_Toolset_20221031020631.log
[2468:2594][2022-10-31T02:08:46]i410: Variable: WixBundleLog_OasisSetup.msi = C:\Users\xujack\AppData\Local\Temp\Teradyne_IG-XL_Oasis_Toolset_20221031020631_000_OasisSetup.msi.log
[2468:2594][2022-10-31T02:08:46]i410: Variable: WixBundleManufacturer = Teradyne
[2468:2594][2022-10-31T02:08:46]i410: Variable: WixBundleName = Teradyne IG-XL Oasis Toolset
[2468:2594][2022-10-31T02:08:46]i410: Variable: WixBundleOriginalSource = C:\Users\xujack\Desktop\OasisSetup_4.1.8442_BETA.exe
[2468:2594][2022-10-31T02:08:46]i410: Variable: WixBundleOriginalSourceFolder = C:\Users\xujack\Desktop\
[2468:2594][2022-10-31T02:08:46]i410: Variable: WixBundleProviderKey = {6ea28c67-1f07-492c-9b16-4df7c98569b9}
[2468:2594][2022-10-31T02:08:46]i410: Variable: WixBundleRollbackLog_OasisSetup.msi = C:\Users\xujack\AppData\Local\Temp\Teradyne_IG-XL_Oasis_Toolset_20221031020631_000_OasisSetup.msi_rollback.log
[2468:2594][2022-10-31T02:08:46]i410: Variable: WixBundleSourceProcessFolder = C:\Users\xujack\Desktop\
[2468:2594][2022-10-31T02:08:46]i410: Variable: WixBundleSourceProcessPath = C:\Users\xujack\Desktop\OasisSetup_4.1.8442_BETA.exe
[2468:2594][2022-10-31T02:08:46]i410: Variable: WixBundleTag = 
[2468:2594][2022-10-31T02:08:46]i410: Variable: WixBundleUILevel = 4
[2468:2594][2022-10-31T02:08:46]i410: Variable: WixBundleVersion = 4.1.8442.0
[2468:2594][2022-10-31T02:08:46]i410: Variable: WixStdBALanguageId = 1033
[2468:2594][2022-10-31T02:08:46]i007: Exit code: 0x3, restarting: No
